<?xml version="1.0" encoding="UTF-8"?>
<!-- Generated by org.testng.reporters.JUnitXMLReporter -->
<testsuite ignored="0" hostname="DeAdPoOl" failures="0" tests="2" name="Test" time="24.985" errors="0" timestamp="2025-11-04T22:55:56 IST">
  <testcase classname="com.automation.SeleniumFramework.Execution.DemoQAExecution" name="TC01_CheckElementsFunctionality" time="2.912"/>
  <testcase classname="com.automation.SeleniumFramework.Execution.DemoQAExecution" name="TC02_FillPracticeForm" time="6.473"/>
</testsuite> <!-- Test -->
