<?xml version="1.0" encoding="UTF-8"?>
<!-- Generated by org.testng.reporters.JUnitXMLReporter -->
<testsuite ignored="0" hostname="DeAdPoOl" failures="0" tests="2" name="Test" time="26.577" errors="0" timestamp="2025-11-04T23:45:28 IST">
  <testcase classname="com.automation.SeleniumFramework.Execution.DemoQAExecution" name="TC01_CheckElementsFunctionality" time="2.776"/>
  <testcase classname="com.automation.SeleniumFramework.Execution.DemoQAExecution" name="TC02_FillPracticeForm" time="16.104"/>
</testsuite> <!-- Test -->
