<?xml version="1.0" encoding="UTF-8"?>
<testsuite xmlns:xsi="http://www.w3.org/2001/XMLSchema-instance" xsi:noNamespaceSchemaLocation="https://maven.apache.org/surefire/maven-surefire-plugin/xsd/surefire-test-report-3.0.xsd" version="3.0" name="TestSuite" time="21.166" tests="2" errors="0" skipped="0" failures="0">
  <properties>
[...]
</properties>
  <testcase name="TC01_CheckElementsFunctionality" classname="com.automation.SeleniumFramework.Execution.DemoQAExecution" time="2.881">
    <system-out><![CDATA[Name:Aditya
Email:aditya.kumar123@gmail.com
Current Address :508, Dwarka Co-Living PG, Marathali-Sarjapura Road, Bangalore
Permananet Address :102, Sonafi Muneshwari Apt, Ashiana Digha Road, Patna
You have selected :
desktop
notes
commands
angular
veu
You have selected radio button as: Yes
You have selected radio button as: Impressive
]]></system-out>
    <system-err><![CDATA[SLF4J(W): No SLF4J providers were found.
SLF4J(W): Defaulting to no-operation (NOP) logger implementation
SLF4J(W): See https://www.slf4j.org/codes.html#noProviders for further details.
Nov 04, 2025 11:56:48 PM org.openqa.selenium.devtools.CdpVersionFinder findNearestMatch
WARNING: Unable to find CDP implementation matching 142
Nov 04, 2025 11:56:48 PM org.openqa.selenium.chromium.ChromiumDriver lambda$new$5
WARNING: Unable to find version of CDP to use for 142.0.7444.60. You may need to include a dependency on a specific version of the CDP using something similar to `org.seleniumhq.selenium:selenium-devtools-v86:4.23.0` where the version ("v86") matches the version of the chromium-based browser you're using and the version number of the artifact is the same as Selenium's.
ERROR StatusLogger Log4j2 could not find a logging implementation. Please add log4j-core to the classpath. Using SimpleLogger to log to the console...
]]></system-err>
  </testcase>
  <testcase name="TC02_FillPracticeForm" classname="com.automation.SeleniumFramework.Execution.DemoQAExecution" time="6.445">
    <system-out><![CDATA[Thanks for submitting the form
Label | Values | 
Student Name | Aditya Kumar | 
Student Email | aditya.kumar123@gmail.com | 
Gender | Male | 
Mobile | 9546807459 | 
Date of Birth | 01 January,2001 | 
Subjects | English, Hindi | 
Hobbies | Sports | 
Picture | avatar.png | 
Address | 508, Dwarka Co-Living PG, Marathali-Sarjapura Road, Bangalore | 
State and City | NCR Delhi | 
]]></system-out>
    <system-err><![CDATA[Nov 04, 2025 11:56:56 PM org.openqa.selenium.devtools.CdpVersionFinder findNearestMatch
WARNING: Unable to find CDP implementation matching 142
Nov 04, 2025 11:56:56 PM org.openqa.selenium.chromium.ChromiumDriver lambda$new$5
WARNING: Unable to find version of CDP to use for 142.0.7444.60. You may need to include a dependency on a specific version of the CDP using something similar to `org.seleniumhq.selenium:selenium-devtools-v86:4.23.0` where the version ("v86") matches the version of the chromium-based browser you're using and the version number of the artifact is the same as Selenium's.
]]></system-err>
  </testcase>
</testsuite>