<?xml version="1.0" encoding="UTF-8"?>
<testng-results ignored="0" total="2" passed="2" failed="0" skipped="0">
  <reporter-output>
  </reporter-output>
  <suite started-at="2025-11-04T23:56:46 IST" name="Suite" finished-at="2025-11-04T23:57:07 IST" duration-ms="20349">
    <groups>
    </groups>
    <test started-at="2025-11-04T23:56:46 IST" name="Test" finished-at="2025-11-04T23:57:07 IST" duration-ms="20349">
      <class name="com.automation.SeleniumFramework.Execution.DemoQAExecution">
        <test-method is-config="true" signature="setUp(java.lang.String)[pri:0, instance:com.automation.SeleniumFramework.Execution.DemoQAExecution@55cb6996]" started-at="2025-11-04T23:56:46 IST" name="setUp" finished-at="2025-11-04T23:56:53 IST" duration-ms="6208" status="PASS">
          <params>
            <param index="0">
              <value>
                <![CDATA[chrome]]>
              </value>
            </param>
          </params>
          <reporter-output>
          </reporter-output>
        </test-method> <!-- setUp -->
        <test-method signature="TC01_CheckElementsFunctionality()[pri:0, instance:com.automation.SeleniumFramework.Execution.DemoQAExecution@55cb6996]" started-at="2025-11-04T23:56:53 IST" name="TC01_CheckElementsFunctionality" finished-at="2025-11-04T23:56:56 IST" duration-ms="2880" status="PASS">
          <reporter-output>
          </reporter-output>
        </test-method> <!-- TC01_CheckElementsFunctionality -->
        <test-method is-config="true" signature="tearDown()[pri:0, instance:com.automation.SeleniumFramework.Execution.DemoQAExecution@55cb6996]" started-at="2025-11-04T23:56:56 IST" name="tearDown" finished-at="2025-11-04T23:56:56 IST" duration-ms="195" status="PASS">
          <reporter-output>
          </reporter-output>
        </test-method> <!-- tearDown -->
        <test-method is-config="true" signature="setUp(java.lang.String)[pri:0, instance:com.automation.SeleniumFramework.Execution.DemoQAExecution@55cb6996]" started-at="2025-11-04T23:56:56 IST" name="setUp" finished-at="2025-11-04T23:57:00 IST" duration-ms="4429" status="PASS">
          <params>
            <param index="0">
              <value>
                <![CDATA[chrome]]>
              </value>
            </param>
          </params>
          <reporter-output>
          </reporter-output>
        </test-method> <!-- setUp -->
        <test-method signature="TC02_FillPracticeForm()[pri:0, instance:com.automation.SeleniumFramework.Execution.DemoQAExecution@55cb6996]" started-at="2025-11-04T23:57:00 IST" name="TC02_FillPracticeForm" finished-at="2025-11-04T23:57:07 IST" duration-ms="6444" status="PASS">
          <reporter-output>
          </reporter-output>
        </test-method> <!-- TC02_FillPracticeForm -->
        <test-method is-config="true" signature="tearDown()[pri:0, instance:com.automation.SeleniumFramework.Execution.DemoQAExecution@55cb6996]" started-at="2025-11-04T23:57:07 IST" name="tearDown" finished-at="2025-11-04T23:57:07 IST" duration-ms="160" status="PASS">
          <reporter-output>
          </reporter-output>
        </test-method> <!-- tearDown -->
      </class> <!-- com.automation.SeleniumFramework.Execution.DemoQAExecution -->
    </test> <!-- Test -->
  </suite> <!-- Suite -->
</testng-results>
