<?xml version="1.0" encoding="UTF-8"?>
<testng-results ignored="0" total="2" passed="2" failed="0" skipped="0">
  <reporter-output>
  </reporter-output>
  <suite started-at="2025-11-05T00:50:04 IST" name="Suite" finished-at="2025-11-05T00:50:22 IST" duration-ms="18149">
    <groups>
    </groups>
    <test started-at="2025-11-05T00:50:04 IST" name="Test" finished-at="2025-11-05T00:50:22 IST" duration-ms="18149">
      <class name="com.automation.SeleniumFramework.Execution.DemoQAExecution">
        <test-method is-config="true" signature="setUp(java.lang.String)[pri:0, instance:com.automation.SeleniumFramework.Execution.DemoQAExecution@21a21c64]" started-at="2025-11-05T00:50:04 IST" name="setUp" finished-at="2025-11-05T00:50:09 IST" duration-ms="4961" status="PASS">
          <params>
            <param index="0">
              <value>
                <![CDATA[chrome]]>
              </value>
            </param>
          </params>
          <reporter-output>
          </reporter-output>
        </test-method> <!-- setUp -->
        <test-method signature="TC01_CheckElementsFunctionality()[pri:0, instance:com.automation.SeleniumFramework.Execution.DemoQAExecution@21a21c64]" started-at="2025-11-05T00:50:09 IST" name="TC01_CheckElementsFunctionality" finished-at="2025-11-05T00:50:11 IST" duration-ms="2327" status="PASS">
          <reporter-output>
          </reporter-output>
        </test-method> <!-- TC01_CheckElementsFunctionality -->
        <test-method is-config="true" signature="tearDown()[pri:0, instance:com.automation.SeleniumFramework.Execution.DemoQAExecution@21a21c64]" started-at="2025-11-05T00:50:11 IST" name="tearDown" finished-at="2025-11-05T00:50:11 IST" duration-ms="120" status="PASS">
          <reporter-output>
          </reporter-output>
        </test-method> <!-- tearDown -->
        <test-method is-config="true" signature="setUp(java.lang.String)[pri:0, instance:com.automation.SeleniumFramework.Execution.DemoQAExecution@21a21c64]" started-at="2025-11-05T00:50:11 IST" name="setUp" finished-at="2025-11-05T00:50:16 IST" duration-ms="4446" status="PASS">
          <params>
            <param index="0">
              <value>
                <![CDATA[chrome]]>
              </value>
            </param>
          </params>
          <reporter-output>
          </reporter-output>
        </test-method> <!-- setUp -->
        <test-method signature="TC02_FillPracticeForm()[pri:0, instance:com.automation.SeleniumFramework.Execution.DemoQAExecution@21a21c64]" started-at="2025-11-05T00:50:16 IST" name="TC02_FillPracticeForm" finished-at="2025-11-05T00:50:22 IST" duration-ms="6141" status="PASS">
          <reporter-output>
          </reporter-output>
        </test-method> <!-- TC02_FillPracticeForm -->
        <test-method is-config="true" signature="tearDown()[pri:0, instance:com.automation.SeleniumFramework.Execution.DemoQAExecution@21a21c64]" started-at="2025-11-05T00:50:22 IST" name="tearDown" finished-at="2025-11-05T00:50:22 IST" duration-ms="118" status="PASS">
          <reporter-output>
          </reporter-output>
        </test-method> <!-- tearDown -->
      </class> <!-- com.automation.SeleniumFramework.Execution.DemoQAExecution -->
    </test> <!-- Test -->
  </suite> <!-- Suite -->
</testng-results>
