<?xml version="1.0" encoding="UTF-8"?>
<!-- Generated by org.testng.reporters.JUnitReportReporter -->
<testsuite hostname="DeAdPoOl" failures="0" tests="2" name="com.automation.SeleniumFramework.Execution.DemoQAExecution" time="26.543" errors="0" timestamp="2025-11-04T23:45:28 IST" skipped="0">
  <testcase classname="com.automation.SeleniumFramework.Execution.DemoQAExecution" name="TC01_CheckElementsFunctionality" time="8.971"/>
  <testcase classname="com.automation.SeleniumFramework.Execution.DemoQAExecution" name="TC02_FillPracticeForm" time="17.572"/>
</testsuite> <!-- com.automation.SeleniumFramework.Execution.DemoQAExecution -->
