<?xml version="1.0" encoding="UTF-8"?>
<!-- Generated by org.testng.reporters.JUnitReportReporter -->
<testsuite hostname="DeAdPoOl" failures="0" tests="2" name="com.automation.SeleniumFramework.Execution.DemoQAExecution" time="18.942" errors="0" timestamp="2025-11-05T00:56:43 IST" skipped="0">
  <testcase classname="com.automation.SeleniumFramework.Execution.DemoQAExecution" name="TC01_CheckElementsFunctionality" time="7.872"/>
  <testcase classname="com.automation.SeleniumFramework.Execution.DemoQAExecution" name="TC02_FillPracticeForm" time="11.070"/>
</testsuite> <!-- com.automation.SeleniumFramework.Execution.DemoQAExecution -->
